24.07.97   9:02       1747             0  al.mtl
24.07.97   9:02     186752             0  al.obj
24.07.97   9:02        339             0  castle.mtl
24.07.97   9:02     385391             0  castle.obj
24.07.97   9:02         35             0  couch.mtl
24.07.97   9:02      80177             0  couch.obj
24.07.97   9:02     326773             0  cow.obj
24.07.97   9:02         44             0  cube.mtl
24.07.97   9:02        804             0  cube.obj
24.07.97   9:02        941             0  cutcube.obj
24.07.97   9:02        342             0  dolphins.mtl
24.07.97   9:02      50315             0  dolphins.obj
24.07.97   9:02      43047             0  dragon.obj
24.07.97   9:02     470868             0  eagle.obj
24.07.97   9:02     287037             0  galleon.obj
24.07.97   9:02         55             0  head.mtl
24.07.97   9:02    1387906             0  head_chord.obj
24.07.97   9:02     453516             0  ncc1701b.obj
24.07.97   9:02      49361             0  paisley.rgb
24.07.97   9:02         68             0  pawn.mtl
24.07.97   9:02      22714             0  pawn.obj
24.07.97   9:02        315             0  pig.mtl
24.07.97   9:02     179719             0  pig.obj
24.07.97   9:02        463             0  rose+vase.mtl
24.07.97   9:02     368428             0  rose+vase.obj
24.07.97   9:02     297428             0  shark.obj
24.07.97   9:02     325666             0  slices.obj
24.07.97   9:02     194029             0  soccerball.obj
24.07.97   9:02         69             0  teapot.mtl
24.07.97   9:02     220609             0  teapot.obj
24.07.97   9:02         93             0  venus.mtl
24.07.97   9:02      88064             0  venus.obj
24.07.97   9:02     314435             0  womanhead.obj
24.07.97   9:02        253             0  world_curved.mtl
24.07.97   9:02     622023             0  world_curved.obj
